INFO:     Started server process [4520]
INFO:     Waiting for application startup.
INFO:api_main:Initializing Veridex Models in background...
INFO:     Application startup complete.
INFO:     Uvicorn running on http://0.0.0.0:8000 (Press CTRL+C to quit)
INFO:ocr_module:Initializing OCR Engine on cpu
INFO:ocr_module:Loaded DBNet weights
INFO:ocr_module:Loaded CRNN weights from crnn_mixed_best.pth
INFO:forensic_service:ForensicService initialized on cpu
INFO:fraud_engine_v2:Loaded Fraud XGBoost model from backend_v2/models/weights/fraud/fraud_xgb_v1.pkl
INFO:api_main:Models initialized. Running warmup inference...
INFO:api_main:Background initialization complete. Ready to serve traffic.
INFO:ingestion:{"event": "ingestion", "status": "success", "document_id": "e41e2cc6-cc5c-456e-abb0-76d17ed7388b", "latency": 105.73720932006836}
INFO:doc_understanding_v3:Loading LayoutLMv3 processor and model...
INFO:httpx:HTTP Request: GET https://huggingface.co/api/models/microsoft/layoutlmv3-base/tree/main/additional_chat_templates?recursive=false&expand=false "HTTP/1.1 404 Not Found"
INFO:httpx:HTTP Request: HEAD https://huggingface.co/microsoft/layoutlmv3-base/resolve/main/processor_config.json "HTTP/1.1 404 Not Found"
Warning: You are sending unauthenticated requests to the HF Hub. Please set a HF_TOKEN to enable higher rate limits and faster downloads.
WARNING:huggingface_hub.utils._http:Warning: You are sending unauthenticated requests to the HF Hub. Please set a HF_TOKEN to enable higher rate limits and faster downloads.
INFO:httpx:HTTP Request: HEAD https://huggingface.co/microsoft/layoutlmv3-base/resolve/main/chat_template.json "HTTP/1.1 404 Not Found"
INFO:httpx:HTTP Request: HEAD https://huggingface.co/microsoft/layoutlmv3-base/resolve/main/chat_template.jinja "HTTP/1.1 404 Not Found"
INFO:httpx:HTTP Request: HEAD https://huggingface.co/microsoft/layoutlmv3-base/resolve/main/audio_tokenizer_config.json "HTTP/1.1 404 Not Found"
INFO:httpx:HTTP Request: HEAD https://huggingface.co/microsoft/layoutlmv3-base/resolve/main/processor_config.json "HTTP/1.1 404 Not Found"
INFO:httpx:HTTP Request: HEAD https://huggingface.co/microsoft/layoutlmv3-base/resolve/main/preprocessor_config.json "HTTP/1.1 307 Temporary Redirect"
INFO:httpx:HTTP Request: HEAD https://huggingface.co/api/resolve-cache/models/microsoft/layoutlmv3-base/cfbbbff0762e6aab37086fdd4739ad14fe7d5db4/preprocessor_config.json "HTTP/1.1 200 OK"
INFO:httpx:HTTP Request: HEAD https://huggingface.co/microsoft/layoutlmv3-base/resolve/main/processor_config.json "HTTP/1.1 404 Not Found"
INFO:httpx:HTTP Request: HEAD https://huggingface.co/microsoft/layoutlmv3-base/resolve/main/preprocessor_config.json "HTTP/1.1 307 Temporary Redirect"
INFO:httpx:HTTP Request: HEAD https://huggingface.co/api/resolve-cache/models/microsoft/layoutlmv3-base/cfbbbff0762e6aab37086fdd4739ad14fe7d5db4/preprocessor_config.json "HTTP/1.1 200 OK"
INFO:httpx:HTTP Request: HEAD https://huggingface.co/microsoft/layoutlmv3-base/resolve/main/config.json "HTTP/1.1 307 Temporary Redirect"
INFO:httpx:HTTP Request: HEAD https://huggingface.co/api/resolve-cache/models/microsoft/layoutlmv3-base/cfbbbff0762e6aab37086fdd4739ad14fe7d5db4/config.json "HTTP/1.1 200 OK"
INFO:httpx:HTTP Request: HEAD https://huggingface.co/microsoft/layoutlmv3-base/resolve/main/tokenizer_config.json "HTTP/1.1 307 Temporary Redirect"
INFO:httpx:HTTP Request: HEAD https://huggingface.co/api/resolve-cache/models/microsoft/layoutlmv3-base/cfbbbff0762e6aab37086fdd4739ad14fe7d5db4/tokenizer_config.json "HTTP/1.1 200 OK"
INFO:httpx:HTTP Request: GET https://huggingface.co/api/models/microsoft/layoutlmv3-base/tree/main/additional_chat_templates?recursive=false&expand=false "HTTP/1.1 404 Not Found"
INFO:httpx:HTTP Request: GET https://huggingface.co/api/models/microsoft/layoutlmv3-base/tree/main?recursive=true&expand=false "HTTP/1.1 200 OK"
INFO:httpx:HTTP Request: HEAD https://huggingface.co/microsoft/layoutlmv3-base/resolve/main/config.json "HTTP/1.1 307 Temporary Redirect"
INFO:httpx:HTTP Request: HEAD https://huggingface.co/api/resolve-cache/models/microsoft/layoutlmv3-base/cfbbbff0762e6aab37086fdd4739ad14fe7d5db4/config.json "HTTP/1.1 200 OK"
INFO:httpx:HTTP Request: HEAD https://huggingface.co/microsoft/layoutlmv3-base/resolve/main/model.safetensors "HTTP/1.1 302 Found"
Loading weights:   0%|          | 0/212 [00:00<?, ?it/s]Loading weights:  70%|#######   | 149/212 [00:00<00:00, 1488.84it/s]Loading weights: 100%|##########| 212/212 [00:00<00:00, 1560.02it/s]
[1mLayoutLMv3ForTokenClassification LOAD REPORT[0m from: microsoft/layoutlmv3-base
Key                                | Status     | 
-----------------------------------+------------+-
layoutlmv3.embeddings.position_ids | UNEXPECTED | 
classifier.dense.bias              | MISSING    | 
classifier.dense.weight            | MISSING    | 
classifier.out_proj.weight         | MISSING    | 
classifier.out_proj.bias           | MISSING    | 

Notes:
- UNEXPECTED:	can be ignored when loading from different task/architecture; not ok if you expect identical arch.
- MISSING:	those params were newly initialized because missing from the checkpoint. Consider training on your downstream task.
INFO:doc_understanding_v3:Extraction complete. Engine: Hybrid_Fallback, Reliable: False, Time: 35.968564s
C:\Users\rutur\AppData\Local\Programs\Python\Python314\Lib\site-packages\torchvision\models\_utils.py:208: UserWarning: The parameter 'pretrained' is deprecated since 0.13 and may be removed in the future, please use 'weights' instead.
  warnings.warn(
C:\Users\rutur\AppData\Local\Programs\Python\Python314\Lib\site-packages\torchvision\models\_utils.py:223: UserWarning: Arguments other than a weight enum or `None` for 'weights' are deprecated since 0.13 and may be removed in the future. The current behavior is equivalent to passing `weights=None`.
  warnings.warn(msg)
ERROR:forensic_service:Failed to load Forensic weights: Error(s) in loading state_dict for ForensicHybridUNet:
	Missing key(s) in state_dict: "resnet.conv1.weight", "resnet.bn1.weight", "resnet.bn1.bias", "resnet.bn1.running_mean", "resnet.bn1.running_var", "resnet.layer1.0.conv1.weight", "resnet.layer1.0.bn1.weight", "resnet.layer1.0.bn1.bias", "resnet.layer1.0.bn1.running_mean", "resnet.layer1.0.bn1.running_var", "resnet.layer1.0.conv2.weight", "resnet.layer1.0.bn2.weight", "resnet.layer1.0.bn2.bias", "resnet.layer1.0.bn2.running_mean", "resnet.layer1.0.bn2.running_var", "resnet.layer1.1.conv1.weight", "resnet.layer1.1.bn1.weight", "resnet.layer1.1.bn1.bias", "resnet.layer1.1.bn1.running_mean", "resnet.layer1.1.bn1.running_var", "resnet.layer1.1.conv2.weight", "resnet.layer1.1.bn2.weight", "resnet.layer1.1.bn2.bias", "resnet.layer1.1.bn2.running_mean", "resnet.layer1.1.bn2.running_var", "resnet.layer1.2.conv1.weight", "resnet.layer1.2.bn1.weight", "resnet.layer1.2.bn1.bias", "resnet.layer1.2.bn1.running_mean", "resnet.layer1.2.bn1.running_var", "resnet.layer1.2.conv2.weight", "resnet.layer1.2.bn2.weight", "resnet.layer1.2.bn2.bias", "resnet.layer1.2.bn2.running_mean", "resnet.layer1.2.bn2.running_var", "resnet.layer2.0.conv1.weight", "resnet.layer2.0.bn1.weight", "resnet.layer2.0.bn1.bias", "resnet.layer2.0.bn1.running_mean", "resnet.layer2.0.bn1.running_var", "resnet.layer2.0.conv2.weight", "resnet.layer2.0.bn2.weight", "resnet.layer2.0.bn2.bias", "resnet.layer2.0.bn2.running_mean", "resnet.layer2.0.bn2.running_var", "resnet.layer2.0.downsample.0.weight", "resnet.layer2.0.downsample.1.weight", "resnet.layer2.0.downsample.1.bias", "resnet.layer2.0.downsample.1.running_mean", "resnet.layer2.0.downsample.1.running_var", "resnet.layer2.1.conv1.weight", "resnet.layer2.1.bn1.weight", "resnet.layer2.1.bn1.bias", "resnet.layer2.1.bn1.running_mean", "resnet.layer2.1.bn1.running_var", "resnet.layer2.1.conv2.weight", "resnet.layer2.1.bn2.weight", "resnet.layer2.1.bn2.bias", "resnet.layer2.1.bn2.running_mean", "resnet.layer2.1.bn2.running_var", "resnet.layer2.2.conv1.weight", "resnet.layer2.2.bn1.weight", "resnet.layer2.2.bn1.bias", "resnet.layer2.2.bn1.running_mean", "resnet.layer2.2.bn1.running_var", "resnet.layer2.2.conv2.weight", "resnet.layer2.2.bn2.weight", "resnet.layer2.2.bn2.bias", "resnet.layer2.2.bn2.running_mean", "resnet.layer2.2.bn2.running_var", "resnet.layer2.3.conv1.weight", "resnet.layer2.3.bn1.weight", "resnet.layer2.3.bn1.bias", "resnet.layer2.3.bn1.running_mean", "resnet.layer2.3.bn1.running_var", "resnet.layer2.3.conv2.weight", "resnet.layer2.3.bn2.weight", "resnet.layer2.3.bn2.bias", "resnet.layer2.3.bn2.running_mean", "resnet.layer2.3.bn2.running_var", "resnet.layer3.0.conv1.weight", "resnet.layer3.0.bn1.weight", "resnet.layer3.0.bn1.bias", "resnet.layer3.0.bn1.running_mean", "resnet.layer3.0.bn1.running_var", "resnet.layer3.0.conv2.weight", "resnet.layer3.0.bn2.weight", "resnet.layer3.0.bn2.bias", "resnet.layer3.0.bn2.running_mean", "resnet.layer3.0.bn2.running_var", "resnet.layer3.0.downsample.0.weight", "resnet.layer3.0.downsample.1.weight", "resnet.layer3.0.downsample.1.bias", "resnet.layer3.0.downsample.1.running_mean", "resnet.layer3.0.downsample.1.running_var", "resnet.layer3.1.conv1.weight", "resnet.layer3.1.bn1.weight", "resnet.layer3.1.bn1.bias", "resnet.layer3.1.bn1.running_mean", "resnet.layer3.1.bn1.running_var", "resnet.layer3.1.conv2.weight", "resnet.layer3.1.bn2.weight", "resnet.layer3.1.bn2.bias", "resnet.layer3.1.bn2.running_mean", "resnet.layer3.1.bn2.running_var", "resnet.layer3.2.conv1.weight", "resnet.layer3.2.bn1.weight", "resnet.layer3.2.bn1.bias", "resnet.layer3.2.bn1.running_mean", "resnet.layer3.2.bn1.running_var", "resnet.layer3.2.conv2.weight", "resnet.layer3.2.bn2.weight", "resnet.layer3.2.bn2.bias", "resnet.layer3.2.bn2.running_mean", "resnet.layer3.2.bn2.running_var", "resnet.layer3.3.conv1.weight", "resnet.layer3.3.bn1.weight", "resnet.layer3.3.bn1.bias", "resnet.layer3.3.bn1.running_mean", "resnet.layer3.3.bn1.running_var", "resnet.layer3.3.conv2.weight", "resnet.layer3.3.bn2.weight", "resnet.layer3.3.bn2.bias", "resnet.layer3.3.bn2.running_mean", "resnet.layer3.3.bn2.running_var", "resnet.layer3.4.conv1.weight", "resnet.layer3.4.bn1.weight", "resnet.layer3.4.bn1.bias", "resnet.layer3.4.bn1.running_mean", "resnet.layer3.4.bn1.running_var", "resnet.layer3.4.conv2.weight", "resnet.layer3.4.bn2.weight", "resnet.layer3.4.bn2.bias", "resnet.layer3.4.bn2.running_mean", "resnet.layer3.4.bn2.running_var", "resnet.layer3.5.conv1.weight", "resnet.layer3.5.bn1.weight", "resnet.layer3.5.bn1.bias", "resnet.layer3.5.bn1.running_mean", "resnet.layer3.5.bn1.running_var", "resnet.layer3.5.conv2.weight", "resnet.layer3.5.bn2.weight", "resnet.layer3.5.bn2.bias", "resnet.layer3.5.bn2.running_mean", "resnet.layer3.5.bn2.running_var", "resnet.layer4.0.conv1.weight", "resnet.layer4.0.bn1.weight", "resnet.layer4.0.bn1.bias", "resnet.layer4.0.bn1.running_mean", "resnet.layer4.0.bn1.running_var", "resnet.layer4.0.conv2.weight", "resnet.layer4.0.bn2.weight", "resnet.layer4.0.bn2.bias", "resnet.layer4.0.bn2.running_mean", "resnet.layer4.0.bn2.running_var", "resnet.layer4.0.downsample.0.weight", "resnet.layer4.0.downsample.1.weight", "resnet.layer4.0.downsample.1.bias", "resnet.layer4.0.downsample.1.running_mean", "resnet.layer4.0.downsample.1.running_var", "resnet.layer4.1.conv1.weight", "resnet.layer4.1.bn1.weight", "resnet.layer4.1.bn1.bias", "resnet.layer4.1.bn1.running_mean", "resnet.layer4.1.bn1.running_var", "resnet.layer4.1.conv2.weight", "resnet.layer4.1.bn2.weight", "resnet.layer4.1.bn2.bias", "resnet.layer4.1.bn2.running_mean", "resnet.layer4.1.bn2.running_var", "resnet.layer4.2.conv1.weight", "resnet.layer4.2.bn1.weight", "resnet.layer4.2.bn1.bias", "resnet.layer4.2.bn1.running_mean", "resnet.layer4.2.bn1.running_var", "resnet.layer4.2.conv2.weight", "resnet.layer4.2.bn2.weight", "resnet.layer4.2.bn2.bias", "resnet.layer4.2.bn2.running_mean", "resnet.layer4.2.bn2.running_var", "resnet.fc.weight", "resnet.fc.bias", "encoder1.1.0.conv1.weight", "encoder1.1.0.bn1.weight", "encoder1.1.0.bn1.bias", "encoder1.1.0.bn1.running_mean", "encoder1.1.0.bn1.running_var", "encoder1.1.0.conv2.weight", "encoder1.1.0.bn2.weight", "encoder1.1.0.bn2.bias", "encoder1.1.0.bn2.running_mean", "encoder1.1.0.bn2.running_var", "encoder1.1.1.conv1.weight", "encoder1.1.1.bn1.weight", "encoder1.1.1.bn1.bias", "encoder1.1.1.bn1.running_mean", "encoder1.1.1.bn1.running_var", "encoder1.1.1.conv2.weight", "encoder1.1.1.bn2.weight", "encoder1.1.1.bn2.bias", "encoder1.1.1.bn2.running_mean", "encoder1.1.1.bn2.running_var", "encoder1.1.2.conv1.weight", "encoder1.1.2.bn1.weight", "encoder1.1.2.bn1.bias", "encoder1.1.2.bn1.running_mean", "encoder1.1.2.bn1.running_var", "encoder1.1.2.conv2.weight", "encoder1.1.2.bn2.weight", "encoder1.1.2.bn2.bias", "encoder1.1.2.bn2.running_mean", "encoder1.1.2.bn2.running_var", "signal_conv.0.weight", "signal_conv.0.bias", "signal_conv.1.weight", "signal_conv.1.bias", "signal_conv.1.running_mean", "signal_conv.1.running_var", "signal_conv.3.weight", "signal_conv.3.bias", "signal_conv.4.weight", "signal_conv.4.bias", "signal_conv.4.running_mean", "signal_conv.4.running_var", "dec4.conv.0.weight", "dec4.conv.0.bias", "dec4.conv.1.weight", "dec4.conv.1.bias", "dec4.conv.1.running_mean", "dec4.conv.1.running_var", "dec4.conv.3.weight", "dec4.conv.3.bias", "dec4.conv.4.weight", "dec4.conv.4.bias", "dec4.conv.4.running_mean", "dec4.conv.4.running_var", "dec3.conv.0.weight", "dec3.conv.0.bias", "dec3.conv.1.weight", "dec3.conv.1.bias", "dec3.conv.1.running_mean", "dec3.conv.1.running_var", "dec3.conv.3.weight", "dec3.conv.3.bias", "dec3.conv.4.weight", "dec3.conv.4.bias", "dec3.conv.4.running_mean", "dec3.conv.4.running_var", "dec2.conv.0.weight", "dec2.conv.0.bias", "dec2.conv.1.weight", "dec2.conv.1.bias", "dec2.conv.1.running_mean", "dec2.conv.1.running_var", "dec2.conv.3.weight", "dec2.conv.3.bias", "dec2.conv.4.weight", "dec2.conv.4.bias", "dec2.conv.4.running_mean", "dec2.conv.4.running_var", "up1.weight", "up1.bias", "dec1.conv.0.weight", "dec1.conv.0.bias", "dec1.conv.1.weight", "dec1.conv.1.bias", "dec1.conv.1.running_mean", "dec1.conv.1.running_var", "dec1.conv.3.weight", "dec1.conv.3.bias", "dec1.conv.4.weight", "dec1.conv.4.bias", "dec1.conv.4.running_mean", "dec1.conv.4.running_var". 
	Unexpected key(s) in state_dict: "first_conv.weight", "decoder4.conv.0.weight", "decoder4.conv.0.bias", "decoder4.conv.1.weight", "decoder4.conv.1.bias", "decoder4.conv.1.running_mean", "decoder4.conv.1.running_var", "decoder4.conv.1.num_batches_tracked", "decoder4.conv.3.weight", "decoder4.conv.3.bias", "decoder4.conv.4.weight", "decoder4.conv.4.bias", "decoder4.conv.4.running_mean", "decoder4.conv.4.running_var", "decoder4.conv.4.num_batches_tracked", "decoder3.conv.0.weight", "decoder3.conv.0.bias", "decoder3.conv.1.weight", "decoder3.conv.1.bias", "decoder3.conv.1.running_mean", "decoder3.conv.1.running_var", "decoder3.conv.1.num_batches_tracked", "decoder3.conv.3.weight", "decoder3.conv.3.bias", "decoder3.conv.4.weight", "decoder3.conv.4.bias", "decoder3.conv.4.running_mean", "decoder3.conv.4.running_var", "decoder3.conv.4.num_batches_tracked", "decoder2.conv.0.weight", "decoder2.conv.0.bias", "decoder2.conv.1.weight", "decoder2.conv.1.bias", "decoder2.conv.1.running_mean", "decoder2.conv.1.running_var", "decoder2.conv.1.num_batches_tracked", "decoder2.conv.3.weight", "decoder2.conv.3.bias", "decoder2.conv.4.weight", "decoder2.conv.4.bias", "decoder2.conv.4.running_mean", "decoder2.conv.4.running_var", "decoder2.conv.4.num_batches_tracked", "decoder1.conv.0.weight", "decoder1.conv.0.bias", "decoder1.conv.1.weight", "decoder1.conv.1.bias", "decoder1.conv.1.running_mean", "decoder1.conv.1.running_var", "decoder1.conv.1.num_batches_tracked", "decoder1.conv.3.weight", "decoder1.conv.3.bias", "decoder1.conv.4.weight", "decoder1.conv.4.bias", "decoder1.conv.4.running_mean", "decoder1.conv.4.running_var", "decoder1.conv.4.num_batches_tracked", "final_up.weight", "final_up.bias", "encoder1.2.conv1.weight", "encoder1.2.bn1.weight", "encoder1.2.bn1.bias", "encoder1.2.bn1.running_mean", "encoder1.2.bn1.running_var", "encoder1.2.bn1.num_batches_tracked", "encoder1.2.conv2.weight", "encoder1.2.bn2.weight", "encoder1.2.bn2.bias", "encoder1.2.bn2.running_mean", "encoder1.2.bn2.running_var", "encoder1.2.bn2.num_batches_tracked", "encoder1.0.conv1.weight", "encoder1.0.bn1.weight", "encoder1.0.bn1.bias", "encoder1.0.bn1.running_mean", "encoder1.0.bn1.running_var", "encoder1.0.bn1.num_batches_tracked", "encoder1.0.conv2.weight", "encoder1.0.bn2.weight", "encoder1.0.bn2.bias", "encoder1.0.bn2.running_mean", "encoder1.0.bn2.running_var", "encoder1.0.bn2.num_batches_tracked", "encoder1.1.conv1.weight", "encoder1.1.bn1.weight", "encoder1.1.bn1.bias", "encoder1.1.bn1.running_mean", "encoder1.1.bn1.running_var", "encoder1.1.bn1.num_batches_tracked", "encoder1.1.conv2.weight", "encoder1.1.bn2.weight", "encoder1.1.bn2.bias", "encoder1.1.bn2.running_mean", "encoder1.1.bn2.running_var", "encoder1.1.bn2.num_batches_tracked". 
	size mismatch for encoder0.0.weight: copying a param with shape torch.Size([64, 4, 7, 7]) from checkpoint, the shape in current model is torch.Size([64, 3, 7, 7]).
	size mismatch for final_conv.weight: copying a param with shape torch.Size([1, 32, 1, 1]) from checkpoint, the shape in current model is torch.Size([1, 64, 1, 1]).. Using untrained model (MOCK ALERT).
INFO:face_service_v2:Loaded face weights from C:\Users\rutur\OneDrive\Desktop\jotex\backend_v2\models\weights\arcface_resnet50_best.pth
WARNING:face_service_v2:MediaPipe fallback failed: module 'mediapipe' has no attribute 'solutions'
WARNING:face_service_v2:ID Face not detected after robust attempts.
INFO:liveness_service_v2:Loaded liveness weights from C:\Users\rutur\OneDrive\Desktop\jotex\backend_v2\models\weights\liveness_mobilenet_best.pth
INFO:feature_store_v2:FSv2 push complete: unknown in 0.06ms
INFO:ingestion:{"event": "ingestion", "status": "success", "document_id": "d2444d9a-c074-4a72-93e2-57f9292dd006", "latency": 149.06978607177734}
INFO:doc_understanding_v3:Extraction complete. Engine: Hybrid_Fallback, Reliable: False, Time: 7.973414s
INFO:feature_store_v2:FSv2 push complete: unknown in 4.52ms
